#
# There is insufficient memory for the Java Runtime Environment to continue.
# Native memory allocation (malloc) failed to allocate 349200 bytes for Chunk::new
# Possible reasons:
#   The system is out of physical RAM or swap space
#   The process is running with CompressedOops enabled, and the Java Heap may be blocking the growth of the native heap
# Possible solutions:
#   Reduce memory load on the system
#   Increase physical memory or swap space
#   Check if swap backing store is full
#   Decrease Java heap size (-Xmx/-Xms)
#   Decrease number of Java threads
#   Decrease Java thread stack sizes (-Xss)
#   Set larger code cache with -XX:ReservedCodeCacheSize=
#   JVM is running with Unscaled Compressed Oops mode in which the Java heap is
#     placed in the first 4GB address space. The Java Heap base address is the
#     maximum limit for the native heap growth. Please use -XX:HeapBaseMinAddress
#     to set the Java Heap base and to place the Java Heap above 4GB virtual address.
# This output file may be truncated or incomplete.
#
#  Out of Memory Error (arena.cpp:189), pid=26424, tid=24788
#
# JRE version: OpenJDK Runtime Environment Temurin-17.0.1+12 (17.0.1+12) (build 17.0.1+12)
# Java VM: OpenJDK 64-Bit Server VM Temurin-17.0.1+12 (17.0.1+12, mixed mode, sharing, tiered, compressed oops, compressed class ptrs, g1 gc, windows-amd64)
# No core dump will be written. Minidumps are not enabled by default on client versions of Windows
#

---------------  S U M M A R Y ------------

Command Line: -javaagent:C:\Program Files\JetBrains\IntelliJ IDEA Community Edition 2021.3.3\lib\idea_rt.jar=50291:C:\Program Files\JetBrains\IntelliJ IDEA Community Edition 2021.3.3\bin -Dfile.encoding=UTF-8 com.mycompany.raprobank.RaprobankApplication

Host: Intel(R) Core(TM) i5-6300U CPU @ 2.40GHz, 4 cores, 7G,  Windows 10 , 64 bit Build 19041 (10.0.19041.1889)
Time: Fri Sep 16 15:31:09 2022 Greenwich elapsed time: 1917.081155 seconds (0d 0h 31m 57s)

---------------  T H R E A D  ---------------

Current thread (0x000002077e4883b0):  JavaThread "C2 CompilerThread0" daemon [_thread_in_native, id=24788, stack(0x0000004e03900000,0x0000004e03a00000)]


Current CompileTask:
C2:1917081 5833       4       java.util.TreeMap::put (221 bytes)

Stack: [0x0000004e03900000,0x0000004e03a00000]
Native frames: (J=compiled Java code, j=interpreted, Vv=VM code, C=native code)
V  [jvm.dll+0x6744da]
V  [jvm.dll+0x82e144]
V  [jvm.dll+0x82f8ee]
V  [jvm.dll+0x82ff53]
V  [jvm.dll+0x245175]
V  [jvm.dll+0xab85b]
V  [jvm.dll+0xabdec]
V  [jvm.dll+0x362f07]
V  [jvm.dll+0x32d4c1]
V  [jvm.dll+0x32c96a]
V  [jvm.dll+0x218031]
V  [jvm.dll+0x217451]
V  [jvm.dll+0x1a355d]
V  [jvm.dll+0x226e38]
V  [jvm.dll+0x224f7c]
V  [jvm.dll+0x7e3f5b]
V  [jvm.dll+0x7de51a]
V  [jvm.dll+0x673305]
C  [ucrtbase.dll+0x21bb2]
C  [KERNEL32.DLL+0x17034]
C  [ntdll.dll+0x52651]


---------------  P R O C E S S  ---------------

Threads class SMR info:
_java_thread_list=0x000002070fc56070, length=32, elements={
0x000002077e46fbb0, 0x000002077e470930, 0x000002077e483bc0, 0x000002077e486590,
0x000002077e486e50, 0x000002077e487710, 0x000002077e4883b0, 0x000002077e4ecbb0,
0x000002077e4ef0d0, 0x000002077f05e0f0, 0x000002077f5f5f50, 0x000002077f259c00,
0x0000020710fc1aa0, 0x000002070f5e4f30, 0x000002070fa756f0, 0x000002070fa75220,
0x000002070fa76090, 0x000002070fa76560, 0x000002070fa76a30, 0x000002070fa778a0,
0x000002070fa74d50, 0x000002070fa76f00, 0x000002070fa77d70, 0x000002070fa74880,
0x0000020712825210, 0x0000020712826080, 0x0000020712825bb0, 0x0000020712823060,
0x0000020712823530, 0x0000020712826550, 0x0000020712826a20, 0x0000020712823a00
}

Java Threads: ( => current thread )
  0x000002077e46fbb0 JavaThread "Reference Handler" daemon [_thread_blocked, id=19524, stack(0x0000004e03300000,0x0000004e03400000)]
  0x000002077e470930 JavaThread "Finalizer" daemon [_thread_blocked, id=19584, stack(0x0000004e03400000,0x0000004e03500000)]
  0x000002077e483bc0 JavaThread "Signal Dispatcher" daemon [_thread_blocked, id=12100, stack(0x0000004e03500000,0x0000004e03600000)]
  0x000002077e486590 JavaThread "Attach Listener" daemon [_thread_blocked, id=16232, stack(0x0000004e03600000,0x0000004e03700000)]
  0x000002077e486e50 JavaThread "Service Thread" daemon [_thread_blocked, id=5080, stack(0x0000004e03700000,0x0000004e03800000)]
  0x000002077e487710 JavaThread "Monitor Deflation Thread" daemon [_thread_blocked, id=3576, stack(0x0000004e03800000,0x0000004e03900000)]
=>0x000002077e4883b0 JavaThread "C2 CompilerThread0" daemon [_thread_in_native, id=24788, stack(0x0000004e03900000,0x0000004e03a00000)]
  0x000002077e4ecbb0 JavaThread "C1 CompilerThread0" daemon [_thread_blocked, id=25504, stack(0x0000004e03a00000,0x0000004e03b00000)]
  0x000002077e4ef0d0 JavaThread "Sweeper thread" daemon [_thread_blocked, id=24444, stack(0x0000004e03b00000,0x0000004e03c00000)]
  0x000002077f05e0f0 JavaThread "Common-Cleaner" daemon [_thread_blocked, id=6312, stack(0x0000004e03c00000,0x0000004e03d00000)]
  0x000002077f5f5f50 JavaThread "Monitor Ctrl-Break" daemon [_thread_in_native, id=11116, stack(0x0000004e03d00000,0x0000004e03e00000)]
  0x000002077f259c00 JavaThread "Notification Thread" daemon [_thread_blocked, id=20600, stack(0x0000004e03e00000,0x0000004e03f00000)]
  0x0000020710fc1aa0 JavaThread "mysql-cj-abandoned-connection-cleanup" daemon [_thread_blocked, id=26056, stack(0x0000004e04800000,0x0000004e04900000)]
  0x000002070f5e4f30 JavaThread "HikariPool-1 housekeeper" daemon [_thread_blocked, id=21028, stack(0x0000004e04a00000,0x0000004e04b00000)]
  0x000002070fa756f0 JavaThread "Catalina-utility-1" [_thread_blocked, id=10996, stack(0x0000004e04c00000,0x0000004e04d00000)]
  0x000002070fa75220 JavaThread "Catalina-utility-2" [_thread_blocked, id=21804, stack(0x0000004e04d00000,0x0000004e04e00000)]
  0x000002070fa76090 JavaThread "container-0" [_thread_blocked, id=23976, stack(0x0000004e04e00000,0x0000004e04f00000)]
  0x000002070fa76560 JavaThread "File Watcher" daemon [_thread_blocked, id=22624, stack(0x0000004e04600000,0x0000004e04700000)]
  0x000002070fa76a30 JavaThread "Live Reload Server" daemon [_thread_in_native, id=1744, stack(0x0000004e04f00000,0x0000004e05000000)]
  0x000002070fa778a0 JavaThread "http-nio-8080-exec-1" daemon [_thread_blocked, id=8228, stack(0x0000004e04b00000,0x0000004e04c00000)]
  0x000002070fa74d50 JavaThread "http-nio-8080-exec-2" daemon [_thread_blocked, id=20664, stack(0x0000004e05000000,0x0000004e05100000)]
  0x000002070fa76f00 JavaThread "http-nio-8080-exec-3" daemon [_thread_blocked, id=8364, stack(0x0000004e05100000,0x0000004e05200000)]
  0x000002070fa77d70 JavaThread "http-nio-8080-exec-4" daemon [_thread_blocked, id=25512, stack(0x0000004e05200000,0x0000004e05300000)]
  0x000002070fa74880 JavaThread "http-nio-8080-exec-5" daemon [_thread_blocked, id=26440, stack(0x0000004e05300000,0x0000004e05400000)]
  0x0000020712825210 JavaThread "http-nio-8080-exec-6" daemon [_thread_blocked, id=14228, stack(0x0000004e05400000,0x0000004e05500000)]
  0x0000020712826080 JavaThread "http-nio-8080-exec-7" daemon [_thread_blocked, id=12844, stack(0x0000004e05500000,0x0000004e05600000)]
  0x0000020712825bb0 JavaThread "http-nio-8080-exec-8" daemon [_thread_blocked, id=10960, stack(0x0000004e05600000,0x0000004e05700000)]
  0x0000020712823060 JavaThread "http-nio-8080-exec-9" daemon [_thread_blocked, id=23480, stack(0x0000004e05700000,0x0000004e05800000)]
  0x0000020712823530 JavaThread "http-nio-8080-exec-10" daemon [_thread_blocked, id=19532, stack(0x0000004e05800000,0x0000004e05900000)]
  0x0000020712826550 JavaThread "http-nio-8080-Poller" daemon [_thread_in_native, id=9088, stack(0x0000004e05900000,0x0000004e05a00000)]
  0x0000020712826a20 JavaThread "http-nio-8080-Acceptor" daemon [_thread_in_native, id=11112, stack(0x0000004e05a00000,0x0000004e05b00000)]
  0x0000020712823a00 JavaThread "DestroyJavaVM" [_thread_blocked, id=21952, stack(0x0000004e02c00000,0x0000004e02d00000)]

Other Threads:
  0x000002077e467c30 VMThread "VM Thread" [stack: 0x0000004e03200000,0x0000004e03300000] [id=4240]
  0x000002077f5f59f0 WatcherThread [stack: 0x0000004e03f00000,0x0000004e04000000] [id=25256]
  0x000002076d92b8a0 GCTaskThread "GC Thread#0" [stack: 0x0000004e02d00000,0x0000004e02e00000] [id=23848]
  0x000002077f703e20 GCTaskThread "GC Thread#1" [stack: 0x0000004e04000000,0x0000004e04100000] [id=14732]
  0x000002077f9c0fd0 GCTaskThread "GC Thread#2" [stack: 0x0000004e04100000,0x0000004e04200000] [id=5556]
  0x000002077fa02020 GCTaskThread "GC Thread#3" [stack: 0x0000004e04200000,0x0000004e04300000] [id=12492]
  0x000002076d92c380 ConcurrentGCThread "G1 Main Marker" [stack: 0x0000004e02e00000,0x0000004e02f00000] [id=20276]
  0x000002076d92cba0 ConcurrentGCThread "G1 Conc#0" [stack: 0x0000004e02f00000,0x0000004e03000000] [id=23296]
  0x000002076fac1e30 ConcurrentGCThread "G1 Refine#0" [stack: 0x0000004e03000000,0x0000004e03100000] [id=12908]
  0x000002077f90ec80 ConcurrentGCThread "G1 Refine#1" [stack: 0x0000004e04300000,0x0000004e04400000] [id=12004]
  0x000002070f5a1360 ConcurrentGCThread "G1 Refine#2" [stack: 0x0000004e04700000,0x0000004e04800000] [id=3648]
  0x000002076fac2660 ConcurrentGCThread "G1 Service" [stack: 0x0000004e03100000,0x0000004e03200000] [id=22384]

Threads with active compile tasks:
C2 CompilerThread0  1917173 5833       4       java.util.TreeMap::put (221 bytes)

VM state: not at safepoint (normal execution)

VM Mutex/Monitor currently owned by a thread: None

Heap address: 0x0000000081a00000, size: 2022 MB, Compressed Oops mode: 32-bit

CDS archive(s) mapped at: [0x0000000800000000-0x0000000800bc0000-0x0000000800bc0000), size 12320768, SharedBaseAddress: 0x0000000800000000, ArchiveRelocationMode: 0.
Compressed class space mapped at: 0x0000000800c00000-0x0000000840c00000, reserved size: 1073741824
Narrow klass base: 0x0000000800000000, Narrow klass shift: 0, Narrow klass range: 0x100000000

GC Precious Log:
 CPUs: 4 total, 4 available
 Memory: 8083M
 Large Page Support: Disabled
 NUMA Support: Disabled
 Compressed Oops: Enabled (32-bit)
 Heap Region Size: 1M
 Heap Min Capacity: 8M
 Heap Initial Capacity: 128M
 Heap Max Capacity: 2022M
 Pre-touch: Disabled
 Parallel Workers: 4
 Concurrent Workers: 1
 Concurrent Refinement Workers: 4
 Periodic GC: Disabled

Heap:
 garbage-first heap   total 71680K, used 30830K [0x0000000081a00000, 0x0000000100000000)
  region size 1024K, 5 young (5120K), 1 survivors (1024K)
 Metaspace       used 53997K, committed 54464K, reserved 1097728K
  class space    used 7239K, committed 7488K, reserved 1048576K

Heap Regions: E=young(eden), S=young(survivor), O=old, HS=humongous(starts), HC=humongous(continues), CS=collection set, F=free, OA=open archive, CA=closed archive, TAMS=top-at-mark-start (previous, next)
|   0|0x0000000081a00000, 0x0000000081b00000, 0x0000000081b00000|100%|HS|  |TAMS 0x0000000081b00000, 0x0000000081a00000| Complete 
|   1|0x0000000081b00000, 0x0000000081c00000, 0x0000000081c00000|100%| O|  |TAMS 0x0000000081c00000, 0x0000000081b00000| Untracked 
|   2|0x0000000081c00000, 0x0000000081d00000, 0x0000000081d00000|100%| O|  |TAMS 0x0000000081d00000, 0x0000000081c00000| Untracked 
|   3|0x0000000081d00000, 0x0000000081e00000, 0x0000000081e00000|100%| O|  |TAMS 0x0000000081e00000, 0x0000000081d00000| Untracked 
|   4|0x0000000081e00000, 0x0000000081f00000, 0x0000000081f00000|100%| O|  |TAMS 0x0000000081f00000, 0x0000000081e00000| Untracked 
|   5|0x0000000081f00000, 0x0000000082000000, 0x0000000082000000|100%| O|  |TAMS 0x0000000082000000, 0x0000000081f00000| Untracked 
|   6|0x0000000082000000, 0x0000000082100000, 0x0000000082100000|100%| O|  |TAMS 0x0000000082000000, 0x0000000082000000| Untracked 
|   7|0x0000000082100000, 0x0000000082200000, 0x0000000082200000|100%| O|  |TAMS 0x0000000082200000, 0x0000000082100000| Untracked 
|   8|0x0000000082200000, 0x0000000082300000, 0x0000000082300000|100%| O|  |TAMS 0x0000000082300000, 0x0000000082200000| Untracked 
|   9|0x0000000082300000, 0x0000000082400000, 0x0000000082400000|100%| O|  |TAMS 0x0000000082400000, 0x0000000082300000| Untracked 
|  10|0x0000000082400000, 0x0000000082500000, 0x0000000082500000|100%| O|  |TAMS 0x0000000082500000, 0x0000000082400000| Untracked 
|  11|0x0000000082500000, 0x0000000082600000, 0x0000000082600000|100%| O|  |TAMS 0x0000000082600000, 0x0000000082500000| Untracked 
|  12|0x0000000082600000, 0x0000000082700000, 0x0000000082700000|100%| O|  |TAMS 0x0000000082700000, 0x0000000082600000| Untracked 
|  13|0x0000000082700000, 0x0000000082800000, 0x0000000082800000|100%| O|  |TAMS 0x0000000082800000, 0x0000000082700000| Untracked 
|  14|0x0000000082800000, 0x0000000082900000, 0x0000000082900000|100%| O|  |TAMS 0x0000000082900000, 0x0000000082800000| Untracked 
|  15|0x0000000082900000, 0x0000000082a00000, 0x0000000082a00000|100%| O|  |TAMS 0x0000000082900000, 0x0000000082900000| Untracked 
|  16|0x0000000082a00000, 0x0000000082b00000, 0x0000000082b00000|100%| O|  |TAMS 0x0000000082a00000, 0x0000000082a00000| Untracked 
|  17|0x0000000082b00000, 0x0000000082c00000, 0x0000000082c00000|100%| O|  |TAMS 0x0000000082b00000, 0x0000000082b00000| Untracked 
|  18|0x0000000082c00000, 0x0000000082d00000, 0x0000000082d00000|100%| O|  |TAMS 0x0000000082c00000, 0x0000000082c00000| Untracked 
|  19|0x0000000082d00000, 0x0000000082e00000, 0x0000000082e00000|100%| O|  |TAMS 0x0000000082e00000, 0x0000000082d00000| Untracked 
|  20|0x0000000082e00000, 0x0000000082e82200, 0x0000000082f00000| 50%| O|  |TAMS 0x0000000082e82200, 0x0000000082e00000| Untracked 
|  21|0x0000000082f00000, 0x0000000083000000, 0x0000000083000000|100%| O|  |TAMS 0x0000000082f00000, 0x0000000082f00000| Untracked 
|  22|0x0000000083000000, 0x0000000083100000, 0x0000000083100000|100%| O|  |TAMS 0x0000000083000000, 0x0000000083000000| Untracked 
|  23|0x0000000083100000, 0x0000000083200000, 0x0000000083200000|100%| O|  |TAMS 0x0000000083100000, 0x0000000083100000| Untracked 
|  24|0x0000000083200000, 0x0000000083300000, 0x0000000083300000|100%| O|  |TAMS 0x0000000083200000, 0x0000000083200000| Untracked 
|  25|0x0000000083300000, 0x0000000083400000, 0x0000000083400000|100%| O|  |TAMS 0x0000000083300000, 0x0000000083300000| Untracked 
|  26|0x0000000083400000, 0x00000000834bf600, 0x0000000083500000| 74%| O|  |TAMS 0x0000000083400000, 0x0000000083400000| Untracked 
|  27|0x0000000083500000, 0x0000000083500000, 0x0000000083600000|  0%| F|  |TAMS 0x0000000083500000, 0x0000000083500000| Untracked 
|  28|0x0000000083600000, 0x0000000083600000, 0x0000000083700000|  0%| F|  |TAMS 0x0000000083600000, 0x0000000083600000| Untracked 
|  29|0x0000000083700000, 0x0000000083700000, 0x0000000083800000|  0%| F|  |TAMS 0x0000000083700000, 0x0000000083700000| Untracked 
|  30|0x0000000083800000, 0x0000000083800000, 0x0000000083900000|  0%| F|  |TAMS 0x0000000083800000, 0x0000000083800000| Untracked 
|  31|0x0000000083900000, 0x0000000083900000, 0x0000000083a00000|  0%| F|  |TAMS 0x0000000083900000, 0x0000000083900000| Untracked 
|  32|0x0000000083a00000, 0x0000000083a00000, 0x0000000083b00000|  0%| F|  |TAMS 0x0000000083a00000, 0x0000000083a00000| Untracked 
|  33|0x0000000083b00000, 0x0000000083b00000, 0x0000000083c00000|  0%| F|  |TAMS 0x0000000083b00000, 0x0000000083b00000| Untracked 
|  34|0x0000000083c00000, 0x0000000083c00000, 0x0000000083d00000|  0%| F|  |TAMS 0x0000000083c00000, 0x0000000083c00000| Untracked 
|  35|0x0000000083d00000, 0x0000000083d00000, 0x0000000083e00000|  0%| F|  |TAMS 0x0000000083d00000, 0x0000000083d00000| Untracked 
|  36|0x0000000083e00000, 0x0000000083e00000, 0x0000000083f00000|  0%| F|  |TAMS 0x0000000083e00000, 0x0000000083e00000| Untracked 
|  37|0x0000000083f00000, 0x0000000083f00000, 0x0000000084000000|  0%| F|  |TAMS 0x0000000083f00000, 0x0000000083f00000| Untracked 
|  38|0x0000000084000000, 0x0000000084000000, 0x0000000084100000|  0%| F|  |TAMS 0x0000000084000000, 0x0000000084000000| Untracked 
|  39|0x0000000084100000, 0x00000000841da220, 0x0000000084200000| 85%| S|CS|TAMS 0x0000000084100000, 0x0000000084100000| Complete 
|  40|0x0000000084200000, 0x0000000084200000, 0x0000000084300000|  0%| F|  |TAMS 0x0000000084200000, 0x0000000084200000| Untracked 
|  41|0x0000000084300000, 0x0000000084300000, 0x0000000084400000|  0%| F|  |TAMS 0x0000000084300000, 0x0000000084300000| Untracked 
|  42|0x0000000084400000, 0x0000000084400000, 0x0000000084500000|  0%| F|  |TAMS 0x0000000084400000, 0x0000000084400000| Untracked 
|  43|0x0000000084500000, 0x0000000084500000, 0x0000000084600000|  0%| F|  |TAMS 0x0000000084500000, 0x0000000084500000| Untracked 
|  44|0x0000000084600000, 0x0000000084600000, 0x0000000084700000|  0%| F|  |TAMS 0x0000000084600000, 0x0000000084600000| Untracked 
|  45|0x0000000084700000, 0x0000000084700000, 0x0000000084800000|  0%| F|  |TAMS 0x0000000084700000, 0x0000000084700000| Untracked 
|  46|0x0000000084800000, 0x0000000084800000, 0x0000000084900000|  0%| F|  |TAMS 0x0000000084800000, 0x0000000084800000| Untracked 
|  47|0x0000000084900000, 0x0000000084900000, 0x0000000084a00000|  0%| F|  |TAMS 0x0000000084900000, 0x0000000084900000| Untracked 
|  48|0x0000000084a00000, 0x0000000084a00000, 0x0000000084b00000|  0%| F|  |TAMS 0x0000000084a00000, 0x0000000084a00000| Untracked 
|  49|0x0000000084b00000, 0x0000000084b00000, 0x0000000084c00000|  0%| F|  |TAMS 0x0000000084b00000, 0x0000000084b00000| Untracked 
|  50|0x0000000084c00000, 0x0000000084c00000, 0x0000000084d00000|  0%| F|  |TAMS 0x0000000084c00000, 0x0000000084c00000| Untracked 
|  51|0x0000000084d00000, 0x0000000084d00000, 0x0000000084e00000|  0%| F|  |TAMS 0x0000000084d00000, 0x0000000084d00000| Untracked 
|  52|0x0000000084e00000, 0x0000000084e00000, 0x0000000084f00000|  0%| F|  |TAMS 0x0000000084e00000, 0x0000000084e00000| Untracked 
|  53|0x0000000084f00000, 0x0000000084f00000, 0x0000000085000000|  0%| F|  |TAMS 0x0000000084f00000, 0x0000000084f00000| Untracked 
|  54|0x0000000085000000, 0x0000000085000000, 0x0000000085100000|  0%| F|  |TAMS 0x0000000085000000, 0x0000000085000000| Untracked 
|  55|0x0000000085100000, 0x0000000085100000, 0x0000000085200000|  0%| F|  |TAMS 0x0000000085100000, 0x0000000085100000| Untracked 
|  56|0x0000000085200000, 0x0000000085200000, 0x0000000085300000|  0%| F|  |TAMS 0x0000000085200000, 0x0000000085200000| Untracked 
|  57|0x0000000085300000, 0x0000000085300000, 0x0000000085400000|  0%| F|  |TAMS 0x0000000085300000, 0x0000000085300000| Untracked 
|  58|0x0000000085400000, 0x0000000085400000, 0x0000000085500000|  0%| F|  |TAMS 0x0000000085400000, 0x0000000085400000| Untracked 
|  59|0x0000000085500000, 0x0000000085500000, 0x0000000085600000|  0%| F|  |TAMS 0x0000000085500000, 0x0000000085500000| Untracked 
|  60|0x0000000085600000, 0x0000000085600000, 0x0000000085700000|  0%| F|  |TAMS 0x0000000085600000, 0x0000000085600000| Untracked 
|  61|0x0000000085700000, 0x0000000085700000, 0x0000000085800000|  0%| F|  |TAMS 0x0000000085700000, 0x0000000085700000| Untracked 
|  62|0x0000000085800000, 0x0000000085800000, 0x0000000085900000|  0%| F|  |TAMS 0x0000000085800000, 0x0000000085800000| Untracked 
|  63|0x0000000085900000, 0x0000000085900000, 0x0000000085a00000|  0%| F|  |TAMS 0x0000000085900000, 0x0000000085900000| Untracked 
|  64|0x0000000085a00000, 0x0000000085a00000, 0x0000000085b00000|  0%| F|  |TAMS 0x0000000085a00000, 0x0000000085a00000| Untracked 
|  65|0x0000000085b00000, 0x0000000085b00000, 0x0000000085c00000|  0%| F|  |TAMS 0x0000000085b00000, 0x0000000085b00000| Untracked 
|  66|0x0000000085c00000, 0x0000000085cd5df8, 0x0000000085d00000| 83%| E|  |TAMS 0x0000000085c00000, 0x0000000085c00000| Complete 
|  67|0x0000000085d00000, 0x0000000085e00000, 0x0000000085e00000|100%| E|CS|TAMS 0x0000000085d00000, 0x0000000085d00000| Complete 
|  68|0x0000000085e00000, 0x0000000085f00000, 0x0000000085f00000|100%| E|CS|TAMS 0x0000000085e00000, 0x0000000085e00000| Complete 
| 127|0x0000000089900000, 0x0000000089a00000, 0x0000000089a00000|100%| E|CS|TAMS 0x0000000089900000, 0x0000000089900000| Complete 

Card table byte_map: [0x00000207778c0000,0x0000020777cc0000] _byte_map_base: 0x00000207774b3000

Marking Bits (Prev, Next): (CMBitMap*) 0x000002076d92bcc0, (CMBitMap*) 0x000002076d92bd00
 Prev Bits: [0x00000207780c0000, 0x000002077a058000)
 Next Bits: [0x000002077a060000, 0x000002077bff8000)

Polling page: 0x000002076d7e0000

Metaspace:

Usage:
  Non-class:     45.66 MB used.
      Class:      7.07 MB used.
       Both:     52.73 MB used.

Virtual space:
  Non-class space:       48.00 MB reserved,      45.88 MB ( 96%) committed,  6 nodes.
      Class space:        1.00 GB reserved,       7.31 MB ( <1%) committed,  1 nodes.
             Both:        1.05 GB reserved,      53.19 MB (  5%) committed. 

Chunk freelists:
   Non-Class:  1.89 MB
       Class:  623.00 KB
        Both:  2.50 MB

MaxMetaspaceSize: unlimited
CompressedClassSpaceSize: 1.00 GB
Initial GC threshold: 21.00 MB
Current GC threshold: 58.75 MB
CDS: on
MetaspaceReclaimPolicy: balanced
 - commit_granule_bytes: 65536.
 - commit_granule_words: 8192.
 - virtual_space_node_default_size: 1048576.
 - enlarge_chunks_in_place: 1.
 - new_chunks_are_fully_committed: 0.
 - uncommit_free_chunks: 1.
 - use_allocation_guard: 0.
 - handle_deallocations: 1.


Internal statistics:

num_allocs_failed_limit: 6.
num_arena_births: 470.
num_arena_deaths: 0.
num_vsnodes_births: 7.
num_vsnodes_deaths: 0.
num_space_committed: 851.
num_space_uncommitted: 0.
num_chunks_returned_to_freelist: 6.
num_chunks_taken_from_freelist: 2458.
num_chunk_merges: 6.
num_chunk_splits: 1726.
num_chunks_enlarged: 1342.
num_purges: 0.
num_inconsistent_stats: 0.

CodeHeap 'non-profiled nmethods': size=120000Kb used=2603Kb max_used=2945Kb free=117396Kb
 bounds [0x0000020707ad0000, 0x0000020707de0000, 0x000002070f000000]
CodeHeap 'profiled nmethods': size=120000Kb used=9796Kb max_used=11048Kb free=110204Kb
 bounds [0x00000207005a0000, 0x0000020701070000, 0x0000020707ad0000]
CodeHeap 'non-nmethods': size=5760Kb used=1277Kb max_used=1371Kb free=4482Kb
 bounds [0x0000020700000000, 0x0000020700270000, 0x00000207005a0000]
 total_blobs=5646 nmethods=5050 adapters=508
 compilation: enabled
              stopped_count=0, restarted_count=0
 full_count=0

Compilation events (20 events):
Event: 1806.220 Thread 0x000002077e4883b0 5821       4       java.util.concurrent.locks.ReentrantLock::unlock (10 bytes)
Event: 1806.225 Thread 0x000002077e4883b0 nmethod 5821 0x0000020707ba5790 code [0x0000020707ba5920, 0x0000020707ba5b08]
Event: 1806.226 Thread 0x000002077e4ecbb0 nmethod 5822 0x00000207006d4490 code [0x00000207006d47e0, 0x00000207006d5ff8]
Event: 1806.226 Thread 0x000002077e4ecbb0 5823  s    3       java.io.BufferedOutputStream::flush (12 bytes)
Event: 1806.228 Thread 0x000002077e4ecbb0 nmethod 5823 0x000002070068a290 code [0x000002070068a460, 0x000002070068a878]
Event: 1806.923 Thread 0x000002077e4ecbb0 5824       3       java.util.LinkedList$ListItr::checkForComodification (23 bytes)
Event: 1806.927 Thread 0x000002077e4ecbb0 nmethod 5824 0x00000207007e5b10 code [0x00000207007e5cc0, 0x00000207007e5ee8]
Event: 1806.927 Thread 0x000002077e4ecbb0 5825       3       com.mysql.cj.protocol.a.MysqlTextValueDecoder::decodeByteArray (13 bytes)
Event: 1806.929 Thread 0x000002077e4ecbb0 nmethod 5825 0x00000207007e5690 code [0x00000207007e5840, 0x00000207007e5a08]
Event: 1806.929 Thread 0x000002077e4ecbb0 5826       3       com.mysql.cj.protocol.a.NativeServerSession::getServerVersion (8 bytes)
Event: 1806.930 Thread 0x000002077e4ecbb0 nmethod 5826 0x00000207007e5310 code [0x00000207007e54a0, 0x00000207007e55d8]
Event: 1806.930 Thread 0x000002077e4ecbb0 5827       1       com.mysql.cj.conf.AbstractPropertyDefinition::getLowerBound (5 bytes)
Event: 1806.931 Thread 0x000002077e4ecbb0 nmethod 5827 0x0000020707ba5490 code [0x0000020707ba5620, 0x0000020707ba56f8]
Event: 1806.931 Thread 0x000002077e4ecbb0 5828       1       com.mysql.cj.conf.AbstractPropertyDefinition::getUpperBound (5 bytes)
Event: 1806.931 Thread 0x000002077e4ecbb0 nmethod 5828 0x0000020707ba5190 code [0x0000020707ba5320, 0x0000020707ba53f8]
Event: 1816.927 Thread 0x000002077e4ecbb0 5829       3       java.util.TreeSet::iterator (15 bytes)
Event: 1816.993 Thread 0x000002077e4ecbb0 nmethod 5829 0x00000207007e4d90 code [0x00000207007e4f40, 0x00000207007e51d8]
Event: 1900.986 Thread 0x000002077e4ecbb0 5832       1       com.zaxxer.hikari.pool.HikariPool::access$400 (5 bytes)
Event: 1900.986 Thread 0x000002077e4ecbb0 nmethod 5832 0x0000020707ba4e10 code [0x0000020707ba4fa0, 0x0000020707ba5058]
Event: 1917.020 Thread 0x000002077e4883b0 5833       4       java.util.TreeMap::put (221 bytes)

GC Heap History (20 events):
Event: 9.017 GC heap before
{Heap before GC invocations=7 (full 0):
 garbage-first heap   total 48128K, used 17025K [0x0000000081a00000, 0x0000000100000000)
  region size 1024K, 5 young (5120K), 4 survivors (4096K)
 Metaspace       used 26314K, committed 26624K, reserved 1073152K
  class space    used 3343K, committed 3520K, reserved 1048576K
}
Event: 9.025 GC heap after
{Heap after GC invocations=8 (full 0):
 garbage-first heap   total 48128K, used 16711K [0x0000000081a00000, 0x0000000100000000)
  region size 1024K, 1 young (1024K), 1 survivors (1024K)
 Metaspace       used 26314K, committed 26624K, reserved 1073152K
  class space    used 3343K, committed 3520K, reserved 1048576K
}
Event: 9.036 GC heap before
{Heap before GC invocations=8 (full 0):
 garbage-first heap   total 48128K, used 33095K [0x0000000081a00000, 0x0000000100000000)
  region size 1024K, 18 young (18432K), 1 survivors (1024K)
 Metaspace       used 26320K, committed 26624K, reserved 1073152K
  class space    used 3343K, committed 3520K, reserved 1048576K
}
Event: 9.038 GC heap after
{Heap after GC invocations=9 (full 0):
 garbage-first heap   total 73728K, used 16383K [0x0000000081a00000, 0x0000000100000000)
  region size 1024K, 1 young (1024K), 1 survivors (1024K)
 Metaspace       used 26320K, committed 26624K, reserved 1073152K
  class space    used 3343K, committed 3520K, reserved 1048576K
}
Event: 9.257 GC heap before
{Heap before GC invocations=9 (full 0):
 garbage-first heap   total 73728K, used 54271K [0x0000000081a00000, 0x0000000100000000)
  region size 1024K, 39 young (39936K), 1 survivors (1024K)
 Metaspace       used 26905K, committed 27264K, reserved 1073152K
  class space    used 3396K, committed 3584K, reserved 1048576K
}
Event: 9.260 GC heap after
{Heap after GC invocations=10 (full 0):
 garbage-first heap   total 73728K, used 16609K [0x0000000081a00000, 0x0000000100000000)
  region size 1024K, 1 young (1024K), 1 survivors (1024K)
 Metaspace       used 26905K, committed 27264K, reserved 1073152K
  class space    used 3396K, committed 3584K, reserved 1048576K
}
Event: 9.751 GC heap before
{Heap before GC invocations=10 (full 0):
 garbage-first heap   total 73728K, used 55521K [0x0000000081a00000, 0x0000000100000000)
  region size 1024K, 40 young (40960K), 1 survivors (1024K)
 Metaspace       used 28503K, committed 28800K, reserved 1081344K
  class space    used 3573K, committed 3712K, reserved 1048576K
}
Event: 9.757 GC heap after
{Heap after GC invocations=11 (full 0):
 garbage-first heap   total 73728K, used 17323K [0x0000000081a00000, 0x0000000100000000)
  region size 1024K, 2 young (2048K), 2 survivors (2048K)
 Metaspace       used 28503K, committed 28800K, reserved 1081344K
  class space    used 3573K, committed 3712K, reserved 1048576K
}
Event: 11.462 GC heap before
{Heap before GC invocations=11 (full 0):
 garbage-first heap   total 73728K, used 45995K [0x0000000081a00000, 0x0000000100000000)
  region size 1024K, 31 young (31744K), 2 survivors (2048K)
 Metaspace       used 35653K, committed 35968K, reserved 1081344K
  class space    used 4568K, committed 4736K, reserved 1048576K
}
Event: 11.469 GC heap after
{Heap after GC invocations=12 (full 0):
 garbage-first heap   total 73728K, used 19773K [0x0000000081a00000, 0x0000000100000000)
  region size 1024K, 4 young (4096K), 4 survivors (4096K)
 Metaspace       used 35653K, committed 35968K, reserved 1081344K
  class space    used 4568K, committed 4736K, reserved 1048576K
}
Event: 13.718 GC heap before
{Heap before GC invocations=13 (full 0):
 garbage-first heap   total 71680K, used 58685K [0x0000000081a00000, 0x0000000100000000)
  region size 1024K, 42 young (43008K), 4 survivors (4096K)
 Metaspace       used 45366K, committed 45696K, reserved 1089536K
  class space    used 6101K, committed 6272K, reserved 1048576K
}
Event: 13.727 GC heap after
{Heap after GC invocations=14 (full 0):
 garbage-first heap   total 71680K, used 21768K [0x0000000081a00000, 0x0000000100000000)
  region size 1024K, 5 young (5120K), 5 survivors (5120K)
 Metaspace       used 45366K, committed 45696K, reserved 1089536K
  class space    used 6101K, committed 6272K, reserved 1048576K
}
Event: 15.492 GC heap before
{Heap before GC invocations=14 (full 0):
 garbage-first heap   total 71680K, used 55560K [0x0000000081a00000, 0x0000000100000000)
  region size 1024K, 38 young (38912K), 5 survivors (5120K)
 Metaspace       used 50346K, committed 50752K, reserved 1097728K
  class space    used 6766K, committed 6976K, reserved 1048576K
}
Event: 15.504 GC heap after
{Heap after GC invocations=15 (full 0):
 garbage-first heap   total 71680K, used 24779K [0x0000000081a00000, 0x0000000100000000)
  region size 1024K, 5 young (5120K), 5 survivors (5120K)
 Metaspace       used 50346K, committed 50752K, reserved 1097728K
  class space    used 6766K, committed 6976K, reserved 1048576K
}
Event: 16.305 GC heap before
{Heap before GC invocations=15 (full 0):
 garbage-first heap   total 71680K, used 56523K [0x0000000081a00000, 0x0000000100000000)
  region size 1024K, 36 young (36864K), 5 survivors (5120K)
 Metaspace       used 53108K, committed 53504K, reserved 1097728K
  class space    used 7146K, committed 7360K, reserved 1048576K
}
Event: 16.314 GC heap after
{Heap after GC invocations=16 (full 0):
 garbage-first heap   total 71680K, used 27250K [0x0000000081a00000, 0x0000000100000000)
  region size 1024K, 3 young (3072K), 3 survivors (3072K)
 Metaspace       used 53108K, committed 53504K, reserved 1097728K
  class space    used 7146K, committed 7360K, reserved 1048576K
}
Event: 822.944 GC heap before
{Heap before GC invocations=16 (full 0):
 garbage-first heap   total 71680K, used 55922K [0x0000000081a00000, 0x0000000100000000)
  region size 1024K, 31 young (31744K), 3 survivors (3072K)
 Metaspace       used 53887K, committed 54272K, reserved 1097728K
  class space    used 7226K, committed 7424K, reserved 1048576K
}
Event: 823.203 GC heap after
{Heap after GC invocations=17 (full 0):
 garbage-first heap   total 71680K, used 27439K [0x0000000081a00000, 0x0000000100000000)
  region size 1024K, 1 young (1024K), 1 survivors (1024K)
 Metaspace       used 53887K, committed 54272K, reserved 1097728K
  class space    used 7226K, committed 7424K, reserved 1048576K
}
Event: 1805.580 GC heap before
{Heap before GC invocations=17 (full 0):
 garbage-first heap   total 71680K, used 57135K [0x0000000081a00000, 0x0000000100000000)
  region size 1024K, 30 young (30720K), 1 survivors (1024K)
 Metaspace       used 53994K, committed 54464K, reserved 1097728K
  class space    used 7239K, committed 7488K, reserved 1048576K
}
Event: 1805.687 GC heap after
{Heap after GC invocations=18 (full 0):
 garbage-first heap   total 71680K, used 27758K [0x0000000081a00000, 0x0000000100000000)
  region size 1024K, 1 young (1024K), 1 survivors (1024K)
 Metaspace       used 53994K, committed 54464K, reserved 1097728K
  class space    used 7239K, committed 7488K, reserved 1048576K
}

Deoptimization events (20 events):
Event: 16.491 Thread 0x000002077f79eaa0 DEOPT PACKING pc=0x0000020707ae65f4 sp=0x0000004e045fe580
Event: 16.491 Thread 0x000002077f79eaa0 DEOPT UNPACKING pc=0x00000207000523a3 sp=0x0000004e045fe4f8 mode 2
Event: 1676.076 Thread 0x000002070fa756f0 Uncommon trap: trap_request=0xffffffbe fr.pc=0x0000020707c94258 relative=0x0000000000001198
Event: 1676.079 Thread 0x000002070fa756f0 Uncommon trap: reason=profile_predicate action=maybe_recompile pc=0x0000020707c94258 method=java.util.TreeMap.put(Ljava/lang/Object;Ljava/lang/Object;Z)Ljava/lang/Object; @ 27 c2
Event: 1676.081 Thread 0x000002070fa756f0 DEOPT PACKING pc=0x0000020707c94258 sp=0x0000004e04cfe9d0
Event: 1676.084 Thread 0x000002070fa756f0 DEOPT UNPACKING pc=0x00000207000523a3 sp=0x0000004e04cfe990 mode 2
Event: 1676.087 Thread 0x000002070fa756f0 Uncommon trap: trap_request=0xffffffbe fr.pc=0x0000020707c94258 relative=0x0000000000001198
Event: 1676.087 Thread 0x000002070fa756f0 Uncommon trap: reason=profile_predicate action=maybe_recompile pc=0x0000020707c94258 method=java.util.TreeMap.put(Ljava/lang/Object;Ljava/lang/Object;Z)Ljava/lang/Object; @ 27 c2
Event: 1676.087 Thread 0x000002070fa756f0 DEOPT PACKING pc=0x0000020707c94258 sp=0x0000004e04cfe9d0
Event: 1676.087 Thread 0x000002070fa756f0 DEOPT UNPACKING pc=0x00000207000523a3 sp=0x0000004e04cfe990 mode 2
Event: 1686.093 Thread 0x000002070fa756f0 Uncommon trap: trap_request=0xffffffbe fr.pc=0x0000020707c94258 relative=0x0000000000001198
Event: 1686.093 Thread 0x000002070fa756f0 Uncommon trap: reason=profile_predicate action=maybe_recompile pc=0x0000020707c94258 method=java.util.TreeMap.put(Ljava/lang/Object;Ljava/lang/Object;Z)Ljava/lang/Object; @ 27 c2
Event: 1686.093 Thread 0x000002070fa756f0 DEOPT PACKING pc=0x0000020707c94258 sp=0x0000004e04cfe9d0
Event: 1686.094 Thread 0x000002070fa756f0 DEOPT UNPACKING pc=0x00000207000523a3 sp=0x0000004e04cfe990 mode 2
Event: 1686.094 Thread 0x000002070fa756f0 Uncommon trap: trap_request=0xffffffbe fr.pc=0x0000020707c94258 relative=0x0000000000001198
Event: 1686.094 Thread 0x000002070fa756f0 Uncommon trap: reason=profile_predicate action=maybe_recompile pc=0x0000020707c94258 method=java.util.TreeMap.put(Ljava/lang/Object;Ljava/lang/Object;Z)Ljava/lang/Object; @ 27 c2
Event: 1686.094 Thread 0x000002070fa756f0 DEOPT PACKING pc=0x0000020707c94258 sp=0x0000004e04cfe9d0
Event: 1686.094 Thread 0x000002070fa756f0 DEOPT UNPACKING pc=0x00000207000523a3 sp=0x0000004e04cfe990 mode 2
Event: 1770.407 Thread 0x0000020712823ed0 DEOPT PACKING pc=0x0000020700db4a31 sp=0x0000004e02afe3e0
Event: 1770.407 Thread 0x0000020712823ed0 DEOPT UNPACKING pc=0x0000020700052b43 sp=0x0000004e02afd898 mode 0

Classes unloaded (0 events):
No events

Classes redefined (0 events):
No events

Internal exceptions (20 events):
Event: 15.257 Thread 0x000002077f79eaa0 Exception <a 'java/lang/ClassNotFoundException'{0x00000000844228b0}: com/mycompany/raprobank/entities/OperationCustomizer> (0x00000000844228b0) 
thrown [e:\jenkins\tmp\workspace\build\src\src\hotspot\share\classfile\systemDictionary.cpp, line 256]
Event: 15.258 Thread 0x000002077f79eaa0 Exception <a 'java/lang/ClassNotFoundException'{0x000000008442d168}: com/mycompany/raprobank/entities/OperationGlCustomizer> (0x000000008442d168) 
thrown [e:\jenkins\tmp\workspace\build\src\src\hotspot\share\classfile\systemDictionary.cpp, line 256]
Event: 15.555 Thread 0x000002077f79eaa0 Exception <a 'java/lang/NoSuchMethodError'{0x0000000085d32c60}: 'void java.lang.invoke.DirectMethodHandle$Holder.invokeVirtual(java.lang.Object, java.lang.Object, int)'> (0x0000000085d32c60) 
thrown [e:\jenkins\tmp\workspace\build\src\src\hotspot\share\interpreter\linkResolver.cpp, line 766]
Event: 15.558 Thread 0x000002077f79eaa0 Exception <a 'java/lang/NoSuchMethodError'{0x0000000085d4d610}: 'void java.lang.invoke.DirectMethodHandle$Holder.invokeVirtual(java.lang.Object, java.lang.Object, long)'> (0x0000000085d4d610) 
thrown [e:\jenkins\tmp\workspace\build\src\src\hotspot\share\interpreter\linkResolver.cpp, line 766]
Event: 15.790 Thread 0x000002077f79eaa0 Exception <a 'java/lang/IncompatibleClassChangeError'{0x00000000858dff78}: Found class java.lang.Object, but interface was expected> (0x00000000858dff78) 
thrown [e:\jenkins\tmp\workspace\build\src\src\hotspot\share\interpreter\linkResolver.cpp, line 833]
Event: 15.846 Thread 0x000002077f79eaa0 Exception <a 'java/lang/NoSuchMethodError'{0x0000000085664c78}: 'int java.lang.invoke.DirectMethodHandle$Holder.invokeStaticInit(java.lang.Object, java.lang.Object, java.lang.Object, java.lang.Object)'> (0x0000000085664c78) 
thrown [e:\jenkins\tmp\workspace\build\src\src\hotspot\share\interpreter\linkResolver.cpp, line 766]
Event: 15.904 Thread 0x000002077f79eaa0 Implicit null exception at 0x0000020707be8640 to 0x0000020707be8858
Event: 16.079 Thread 0x000002077f79eaa0 Exception <a 'java/lang/ClassNotFoundException'{0x000000008478aa28}: java/lang/ObjectCustomizer> (0x000000008478aa28) 
thrown [e:\jenkins\tmp\workspace\build\src\src\hotspot\share\classfile\systemDictionary.cpp, line 256]
Event: 16.080 Thread 0x000002077f79eaa0 Exception <a 'java/lang/ClassNotFoundException'{0x0000000084792e78}: org/springframework/security/config/annotation/web/configuration/WebSecurityConfigurationCustomizer> (0x0000000084792e78) 
thrown [e:\jenkins\tmp\workspace\build\src\src\hotspot\share\classfile\systemDictionary.cpp, line 256]
Event: 16.081 Thread 0x000002077f79eaa0 Exception <a 'java/lang/ClassNotFoundException'{0x00000000847a0128}: org/springframework/context/annotation/ImportAwareCustomizer> (0x00000000847a0128) 
thrown [e:\jenkins\tmp\workspace\build\src\src\hotspot\share\classfile\systemDictionary.cpp, line 256]
Event: 16.081 Thread 0x000002077f79eaa0 Exception <a 'java/lang/ClassNotFoundException'{0x00000000847a52a8}: org/springframework/beans/factory/AwareCustomizer> (0x00000000847a52a8) 
thrown [e:\jenkins\tmp\workspace\build\src\src\hotspot\share\classfile\systemDictionary.cpp, line 256]
Event: 16.082 Thread 0x000002077f79eaa0 Exception <a 'java/lang/ClassNotFoundException'{0x00000000847a9910}: org/springframework/beans/factory/BeanClassLoaderAwareCustomizer> (0x00000000847a9910) 
thrown [e:\jenkins\tmp\workspace\build\src\src\hotspot\share\classfile\systemDictionary.cpp, line 256]
Event: 16.082 Thread 0x000002077f79eaa0 Exception <a 'java/lang/ClassNotFoundException'{0x00000000847aea70}: org/springframework/beans/factory/AwareCustomizer> (0x00000000847aea70) 
thrown [e:\jenkins\tmp\workspace\build\src\src\hotspot\share\classfile\systemDictionary.cpp, line 256]
Event: 16.113 Thread 0x000002077f79eaa0 Implicit null exception at 0x0000020707bb38d5 to 0x0000020707bb398a
Event: 16.277 Thread 0x000002077f79eaa0 Exception <a 'java/lang/ClassNotFoundException'{0x0000000084164430}: java/lang/ObjectCustomizer> (0x0000000084164430) 
thrown [e:\jenkins\tmp\workspace\build\src\src\hotspot\share\classfile\systemDictionary.cpp, line 256]
Event: 16.278 Thread 0x000002077f79eaa0 Exception <a 'java/lang/ClassNotFoundException'{0x000000008416c880}: org/springframework/security/config/annotation/web/configuration/HttpSecurityConfigurationCustomizer> (0x000000008416c880) 
thrown [e:\jenkins\tmp\workspace\build\src\src\hotspot\share\classfile\systemDictionary.cpp, line 256]
Event: 16.366 Thread 0x000002077f79eaa0 Exception <a 'java/lang/NoSuchMethodError'{0x0000000085e5ae48}: 'java.lang.Object java.lang.invoke.DirectMethodHandle$Holder.invokeSpecial(java.lang.Object, java.lang.Object, int, java.lang.Object, int, java.lang.Object)'> (0x0000000085e5ae48) 
thrown [e:\jenkins\tmp\workspace\build\src\src\hotspot\share\interpreter\linkResolver.cpp, line 766]
Event: 16.367 Thread 0x000002077f79eaa0 Exception <a 'java/lang/NoSuchMethodError'{0x0000000085e62ef0}: 'java.lang.Object java.lang.invoke.DirectMethodHandle$Holder.newInvokeSpecial(java.lang.Object, java.lang.Object, int, java.lang.Object, int)'> (0x0000000085e62ef0) 
thrown [e:\jenkins\tmp\workspace\build\src\src\hotspot\share\interpreter\linkResolver.cpp, line 766]
Event: 16.368 Thread 0x000002077f79eaa0 Exception <a 'java/lang/NoSuchMethodError'{0x0000000085e66ff0}: 'java.lang.Object java.lang.invoke.DirectMethodHandle$Holder.invokeSpecial(java.lang.Object, java.lang.Object, java.lang.Object, int, java.lang.Object, int)'> (0x0000000085e66ff0) 
thrown [e:\jenkins\tmp\workspace\build\src\src\hotspot\share\interpreter\linkResolver.cpp, line 766]
Event: 16.370 Thread 0x000002077f79eaa0 Exception <a 'java/lang/NoSuchMethodError'{0x0000000085e70d88}: 'void java.lang.invoke.DirectMethodHandle$Holder.invokeVirtual(java.lang.Object, java.lang.Object)'> (0x0000000085e70d88) 
thrown [e:\jenkins\tmp\workspace\build\src\src\hotspot\share\interpreter\linkResolver.cpp, line 766]

VM Operations (20 events):
Event: 1635.492 Executing VM operation: Cleanup
Event: 1635.492 Executing VM operation: Cleanup done
Event: 1769.418 Executing VM operation: Cleanup
Event: 1769.434 Executing VM operation: Cleanup done
Event: 1770.449 Executing VM operation: Cleanup
Event: 1770.481 Executing VM operation: Cleanup done
Event: 1772.498 Executing VM operation: Cleanup
Event: 1772.498 Executing VM operation: Cleanup done
Event: 1778.544 Executing VM operation: Cleanup
Event: 1778.608 Executing VM operation: Cleanup done
Event: 1779.621 Executing VM operation: Cleanup
Event: 1779.621 Executing VM operation: Cleanup done
Event: 1780.636 Executing VM operation: Cleanup
Event: 1780.637 Executing VM operation: Cleanup done
Event: 1805.572 Executing VM operation: G1CollectForAllocation
Event: 1805.688 Executing VM operation: G1CollectForAllocation done
Event: 1807.696 Executing VM operation: Cleanup
Event: 1807.696 Executing VM operation: Cleanup done
Event: 1827.840 Executing VM operation: Cleanup
Event: 1828.296 Executing VM operation: Cleanup done

Events (20 events):
Event: 1770.319 loading class java/security/KeyStoreException
Event: 1770.320 loading class java/security/KeyStoreException done
Event: 1770.321 loading class java/security/KeyManagementException
Event: 1770.323 loading class java/security/KeyManagementException done
Event: 1770.325 loading class javax/net/ssl/TrustManager
Event: 1770.330 loading class javax/net/ssl/TrustManager done
Event: 1777.871 Thread 0x0000020712823ed0 Thread exited: 0x0000020712823ed0
Event: 1777.873 Thread 0x00000207128243a0 Thread exited: 0x00000207128243a0
Event: 1778.449 Thread 0x0000020712823ed0 Thread added: 0x0000020712823ed0
Event: 1778.449 Thread 0x0000020712824d40 Thread added: 0x0000020712824d40
Event: 1785.325 Thread 0x0000020712823ed0 Thread exited: 0x0000020712823ed0
Event: 1785.339 Thread 0x0000020712824d40 Thread exited: 0x0000020712824d40
Event: 1787.584 Thread 0x0000020712823ed0 Thread added: 0x0000020712823ed0
Event: 1787.584 Thread 0x00000207128256e0 Thread added: 0x00000207128256e0
Event: 1798.956 Thread 0x0000020712823ed0 Thread exited: 0x0000020712823ed0
Event: 1798.971 Thread 0x00000207128256e0 Thread exited: 0x00000207128256e0
Event: 1806.206 Thread 0x0000020712823ed0 Thread added: 0x0000020712823ed0
Event: 1806.206 Thread 0x00000207128243a0 Thread added: 0x00000207128243a0
Event: 1811.929 Thread 0x00000207128243a0 Thread exited: 0x00000207128243a0
Event: 1811.931 Thread 0x0000020712823ed0 Thread exited: 0x0000020712823ed0


Dynamic libraries:
0x00007ff65c3e0000 - 0x00007ff65c3ee000 	C:\Program Files\Eclipse Adoptium\jdk-17.0.1.12-hotspot\bin\java.exe
0x00007ffe41290000 - 0x00007ffe41488000 	C:\WINDOWS\SYSTEM32\ntdll.dll
0x00007ffe40070000 - 0x00007ffe4012d000 	C:\WINDOWS\System32\KERNEL32.DLL
0x00007ffe3ed00000 - 0x00007ffe3efce000 	C:\WINDOWS\System32\KERNELBASE.dll
0x00007ffe3f1c0000 - 0x00007ffe3f2c0000 	C:\WINDOWS\System32\ucrtbase.dll
0x00007ffe22a70000 - 0x00007ffe22a89000 	C:\Program Files\Eclipse Adoptium\jdk-17.0.1.12-hotspot\bin\VCRUNTIME140.dll
0x00007ffe38340000 - 0x00007ffe38358000 	C:\Program Files\Eclipse Adoptium\jdk-17.0.1.12-hotspot\bin\jli.dll
0x00007ffe3f9a0000 - 0x00007ffe3fb40000 	C:\WINDOWS\System32\USER32.dll
0x00007ffe3f0e0000 - 0x00007ffe3f102000 	C:\WINDOWS\System32\win32u.dll
0x00007ffe41060000 - 0x00007ffe4108a000 	C:\WINDOWS\System32\GDI32.dll
0x00007ffe3ebf0000 - 0x00007ffe3ecfb000 	C:\WINDOWS\System32\gdi32full.dll
0x00007ffe3f040000 - 0x00007ffe3f0dd000 	C:\WINDOWS\System32\msvcp_win.dll
0x00007ffe29840000 - 0x00007ffe29ada000 	C:\WINDOWS\WinSxS\amd64_microsoft.windows.common-controls_6595b64144ccf1df_6.0.19041.1110_none_60b5254171f9507e\COMCTL32.dll
0x00007ffe3f900000 - 0x00007ffe3f99e000 	C:\WINDOWS\System32\msvcrt.dll
0x00007ffe41150000 - 0x00007ffe41180000 	C:\WINDOWS\System32\IMM32.DLL
0x00007ffe39c60000 - 0x00007ffe39c6c000 	C:\Program Files\Eclipse Adoptium\jdk-17.0.1.12-hotspot\bin\vcruntime140_1.dll
0x00007ffe0d340000 - 0x00007ffe0d3d1000 	C:\Program Files\Eclipse Adoptium\jdk-17.0.1.12-hotspot\bin\msvcp140.dll
0x00007ffda1140000 - 0x00007ffda1d86000 	C:\Program Files\Eclipse Adoptium\jdk-17.0.1.12-hotspot\bin\server\jvm.dll
0x00007ffe410a0000 - 0x00007ffe4114e000 	C:\WINDOWS\System32\ADVAPI32.dll
0x00007ffe40970000 - 0x00007ffe40a0c000 	C:\WINDOWS\System32\sechost.dll
0x00007ffe40b10000 - 0x00007ffe40c35000 	C:\WINDOWS\System32\RPCRT4.dll
0x00007ffe41090000 - 0x00007ffe41098000 	C:\WINDOWS\System32\PSAPI.DLL
0x00007ffe24960000 - 0x00007ffe24969000 	C:\WINDOWS\SYSTEM32\WSOCK32.dll
0x00007ffe40d80000 - 0x00007ffe40deb000 	C:\WINDOWS\System32\WS2_32.dll
0x00007ffe27ff0000 - 0x00007ffe28017000 	C:\WINDOWS\SYSTEM32\WINMM.dll
0x00007ffe333c0000 - 0x00007ffe333ca000 	C:\WINDOWS\SYSTEM32\VERSION.dll
0x00007ffe3d200000 - 0x00007ffe3d212000 	C:\WINDOWS\SYSTEM32\kernel.appcore.dll
0x00007ffe39c30000 - 0x00007ffe39c3a000 	C:\Program Files\Eclipse Adoptium\jdk-17.0.1.12-hotspot\bin\jimage.dll
0x00007ffe3bf50000 - 0x00007ffe3c134000 	C:\WINDOWS\SYSTEM32\DBGHELP.DLL
0x00007ffe35cd0000 - 0x00007ffe35cfc000 	C:\WINDOWS\SYSTEM32\dbgcore.DLL
0x00007ffe3eb60000 - 0x00007ffe3ebe2000 	C:\WINDOWS\System32\bcryptPrimitives.dll
0x00007ffe39bd0000 - 0x00007ffe39bde000 	C:\Program Files\Eclipse Adoptium\jdk-17.0.1.12-hotspot\bin\instrument.dll
0x00007ffe22780000 - 0x00007ffe227a5000 	C:\Program Files\Eclipse Adoptium\jdk-17.0.1.12-hotspot\bin\java.dll
0x00007ffe0cd70000 - 0x00007ffe0ce46000 	C:\Program Files\Eclipse Adoptium\jdk-17.0.1.12-hotspot\bin\svml.dll
0x00007ffe40130000 - 0x00007ffe40874000 	C:\WINDOWS\System32\SHELL32.dll
0x00007ffe3c980000 - 0x00007ffe3d114000 	C:\WINDOWS\SYSTEM32\windows.storage.dll
0x00007ffe3fb40000 - 0x00007ffe3fe94000 	C:\WINDOWS\System32\combase.dll
0x00007ffe3e260000 - 0x00007ffe3e290000 	C:\WINDOWS\SYSTEM32\Wldp.dll
0x00007ffe40df0000 - 0x00007ffe40e9d000 	C:\WINDOWS\System32\SHCORE.dll
0x00007ffe40880000 - 0x00007ffe408d5000 	C:\WINDOWS\System32\shlwapi.dll
0x00007ffe3e8f0000 - 0x00007ffe3e90f000 	C:\WINDOWS\SYSTEM32\profapi.dll
0x00007ffe22700000 - 0x00007ffe22718000 	C:\Program Files\Eclipse Adoptium\jdk-17.0.1.12-hotspot\bin\zip.dll
0x00007ffe22740000 - 0x00007ffe22759000 	C:\Program Files\Eclipse Adoptium\jdk-17.0.1.12-hotspot\bin\net.dll
0x00007ffe362d0000 - 0x00007ffe363da000 	C:\WINDOWS\SYSTEM32\WINHTTP.dll
0x00007ffe3e040000 - 0x00007ffe3e0aa000 	C:\WINDOWS\system32\mswsock.dll
0x00007ffe22720000 - 0x00007ffe22735000 	C:\Program Files\Eclipse Adoptium\jdk-17.0.1.12-hotspot\bin\nio.dll
0x00007ffe16270000 - 0x00007ffe1628a000 	C:\Program Files\JetBrains\IntelliJ IDEA Community Edition 2021.3.3\bin\breakgen64.dll
0x00007ffe38460000 - 0x00007ffe38470000 	C:\Program Files\Eclipse Adoptium\jdk-17.0.1.12-hotspot\bin\verify.dll
0x00007ffe38330000 - 0x00007ffe38339000 	C:\Program Files\Eclipse Adoptium\jdk-17.0.1.12-hotspot\bin\management.dll
0x00007ffe22a20000 - 0x00007ffe22a2b000 	C:\Program Files\Eclipse Adoptium\jdk-17.0.1.12-hotspot\bin\management_ext.dll
0x00007ffe15220000 - 0x00007ffe15237000 	C:\WINDOWS\system32\napinsp.dll
0x00007ffe151b0000 - 0x00007ffe151cb000 	C:\WINDOWS\system32\pnrpnsp.dll
0x00007ffe39170000 - 0x00007ffe39185000 	C:\WINDOWS\system32\wshbth.dll
0x00007ffe39aa0000 - 0x00007ffe39abd000 	C:\WINDOWS\system32\NLAapi.dll
0x00007ffe3dd50000 - 0x00007ffe3dd8b000 	C:\WINDOWS\SYSTEM32\IPHLPAPI.DLL
0x00007ffe3dd90000 - 0x00007ffe3de5a000 	C:\WINDOWS\SYSTEM32\DNSAPI.dll
0x00007ffe41050000 - 0x00007ffe41058000 	C:\WINDOWS\System32\NSI.dll
0x00007ffe15190000 - 0x00007ffe151a2000 	C:\WINDOWS\System32\winrnr.dll
0x00007ffe34c60000 - 0x00007ffe34c6a000 	C:\Windows\System32\rasadhlp.dll
0x00007ffe29da0000 - 0x00007ffe29e20000 	C:\WINDOWS\System32\fwpuclnt.dll
0x00007ffe3f2c0000 - 0x00007ffe3f2e7000 	C:\WINDOWS\System32\bcrypt.dll
0x00007ffe3e2a0000 - 0x00007ffe3e2b8000 	C:\WINDOWS\SYSTEM32\CRYPTSP.dll
0x00007ffe3d9e0000 - 0x00007ffe3da14000 	C:\WINDOWS\system32\rsaenh.dll
0x00007ffe3e8b0000 - 0x00007ffe3e8de000 	C:\WINDOWS\SYSTEM32\USERENV.dll
0x00007ffe3e1d0000 - 0x00007ffe3e1dc000 	C:\WINDOWS\SYSTEM32\CRYPTBASE.dll
0x00007ffe332f0000 - 0x00007ffe33307000 	C:\WINDOWS\SYSTEM32\dhcpcsvc6.DLL
0x00007ffe33650000 - 0x00007ffe3366d000 	C:\WINDOWS\SYSTEM32\dhcpcsvc.DLL
0x00007ffe226f0000 - 0x00007ffe226fe000 	C:\Program Files\Eclipse Adoptium\jdk-17.0.1.12-hotspot\bin\sunmscapi.dll
0x00007ffe3e9b0000 - 0x00007ffe3eb06000 	C:\WINDOWS\System32\CRYPT32.dll
0x00007ffe3e3b0000 - 0x00007ffe3e3d7000 	C:\WINDOWS\SYSTEM32\ncrypt.dll
0x00007ffe3e370000 - 0x00007ffe3e3ab000 	C:\WINDOWS\SYSTEM32\NTASN1.dll
0x00007ffe1ea50000 - 0x00007ffe1ea57000 	C:\WINDOWS\system32\wshunix.dll

dbghelp: loaded successfully - version: 4.0.5 - missing functions: none
symbol engine: initialized successfully - sym options: 0x614 - pdb path: .;C:\Program Files\Eclipse Adoptium\jdk-17.0.1.12-hotspot\bin;C:\WINDOWS\SYSTEM32;C:\WINDOWS\WinSxS\amd64_microsoft.windows.common-controls_6595b64144ccf1df_6.0.19041.1110_none_60b5254171f9507e;C:\Program Files\Eclipse Adoptium\jdk-17.0.1.12-hotspot\bin\server;C:\Program Files\JetBrains\IntelliJ IDEA Community Edition 2021.3.3\bin

VM Arguments:
jvm_args: -javaagent:C:\Program Files\JetBrains\IntelliJ IDEA Community Edition 2021.3.3\lib\idea_rt.jar=50291:C:\Program Files\JetBrains\IntelliJ IDEA Community Edition 2021.3.3\bin -Dfile.encoding=UTF-8 
java_command: com.mycompany.raprobank.RaprobankApplication
java_class_path (initial): D:\PROJETS TECH\raprobankBackend\target\classes;C:\Users\Jacques\.m2\repository\org\springframework\boot\spring-boot-starter-data-jpa\2.7.3\spring-boot-starter-data-jpa-2.7.3.jar;C:\Users\Jacques\.m2\repository\org\springframework\boot\spring-boot-starter-aop\2.7.3\spring-boot-starter-aop-2.7.3.jar;C:\Users\Jacques\.m2\repository\org\aspectj\aspectjweaver\1.9.7\aspectjweaver-1.9.7.jar;C:\Users\Jacques\.m2\repository\org\springframework\boot\spring-boot-starter-jdbc\2.7.3\spring-boot-starter-jdbc-2.7.3.jar;C:\Users\Jacques\.m2\repository\com\zaxxer\HikariCP\4.0.3\HikariCP-4.0.3.jar;C:\Users\Jacques\.m2\repository\org\springframework\spring-jdbc\5.3.22\spring-jdbc-5.3.22.jar;C:\Users\Jacques\.m2\repository\jakarta\transaction\jakarta.transaction-api\1.3.3\jakarta.transaction-api-1.3.3.jar;C:\Users\Jacques\.m2\repository\jakarta\persistence\jakarta.persistence-api\2.2.3\jakarta.persistence-api-2.2.3.jar;C:\Users\Jacques\.m2\repository\org\hibernate\hibernate-core\5.6.10.Final\hibernate-core-5.6.10.Final.jar;C:\Users\Jacques\.m2\repository\org\jboss\logging\jboss-logging\3.4.3.Final\jboss-logging-3.4.3.Final.jar;C:\Users\Jacques\.m2\repository\net\bytebuddy\byte-buddy\1.12.13\byte-buddy-1.12.13.jar;C:\Users\Jacques\.m2\repository\antlr\antlr\2.7.7\antlr-2.7.7.jar;C:\Users\Jacques\.m2\repository\org\jboss\jandex\2.4.2.Final\jandex-2.4.2.Final.jar;C:\Users\Jacques\.m2\repository\com\fasterxml\classmate\1.5.1\classmate-1.5.1.jar;C:\Users\Jacques\.m2\repository\org\hibernate\common\hibernate-commons-annotations\5.1.2.Final\hibernate-commons-annotations-5.1.2.Final.jar;C:\Users\Jacques\.m2\repository\org\glassfish\jaxb\jaxb-runtime\2.3.6\jaxb-runtime-2.3.6.jar;C:\Users\Jacques\.m2\repository\org\glassfish\jaxb\txw2\2.3.6\txw2-2.3.6.jar;C:\Users\Jacques\.m2\repository\com\sun\istack\istack-commons-runtime\3.0.12\istack-commons-runtime-3.0.12.jar;C:\Users\Jacques\.m2\repository\com\sun\activation\jakarta.activation\1.2.2\jakarta.activation-1.2.2.ja
Launcher Type: SUN_STANDARD

[Global flags]
     intx CICompilerCount                          = 3                                         {product} {ergonomic}
     uint ConcGCThreads                            = 1                                         {product} {ergonomic}
     uint G1ConcRefinementThreads                  = 4                                         {product} {ergonomic}
   size_t G1HeapRegionSize                         = 1048576                                   {product} {ergonomic}
    uintx GCDrainStackTargetSize                   = 64                                        {product} {ergonomic}
   size_t InitialHeapSize                          = 134217728                                 {product} {ergonomic}
   size_t MarkStackSize                            = 4194304                                   {product} {ergonomic}
   size_t MaxHeapSize                              = 2120220672                                {product} {ergonomic}
   size_t MaxNewSize                               = 1271922688                                {product} {ergonomic}
   size_t MinHeapDeltaBytes                        = 1048576                                   {product} {ergonomic}
   size_t MinHeapSize                              = 8388608                                   {product} {ergonomic}
    uintx NonNMethodCodeHeapSize                   = 5832780                                {pd product} {ergonomic}
    uintx NonProfiledCodeHeapSize                  = 122912730                              {pd product} {ergonomic}
    uintx ProfiledCodeHeapSize                     = 122912730                              {pd product} {ergonomic}
    uintx ReservedCodeCacheSize                    = 251658240                              {pd product} {ergonomic}
     bool SegmentedCodeCache                       = true                                      {product} {ergonomic}
   size_t SoftMaxHeapSize                          = 2120220672                             {manageable} {ergonomic}
     bool UseCompressedClassPointers               = true                           {product lp64_product} {ergonomic}
     bool UseCompressedOops                        = true                           {product lp64_product} {ergonomic}
     bool UseG1GC                                  = true                                      {product} {ergonomic}
     bool UseLargePagesIndividualAllocation        = false                                  {pd product} {ergonomic}

Logging:
Log output configuration:
 #0: stdout all=warning uptime,level,tags
 #1: stderr all=off uptime,level,tags

Environment Variables:
JAVA_HOME=C:\Program Files\Java\jdk1.8.0_271
PATH=C:\Program Files\Eclipse Adoptium\jdk-17.0.1.12-hotspot\bin;C:\Program Files (x86)\Common Files\Oracle\Java\javapath;C:\WINDOWS\system32;C:\WINDOWS;C:\WINDOWS\System32\Wbem;C:\WINDOWS\System32\WindowsPowerShell\v1.0\;C:\WINDOWS\System32\OpenSSH\;C:\Program Files\Git\cmd;C:\Program Files\nodejs\;C:\Program Files\Java\jdk1.8.0_271\bin;C:\Program Files (x86)\dotnet\;C:\Program Files (x86)\Intel\Intel(R) Management Engine Components\DAL;C:\Program Files\Intel\Intel(R) Management Engine Components\DAL;C:\Program Files\dotnet\;C:\Users\Jacques\AppData\Local\Programs\Python\Python310\Scripts\;C:\Users\Jacques\AppData\Local\Programs\Python\Python310\;C:\Users\Jacques\AppData\Roaming\npm;C:\Users\acer\AppData\Local\Programs\Microsoft VS Code\bin;C:\Users\acer\AppData\Roaming\npm;C:\Users\Jacques\AppData\Local\Programs\Microsoft VS Code\bin;C:\src\flutter\bin;C:\Program Files\JetBrains\IntelliJ IDEA Community Edition 2021.3.3\bin;;C:\Users\Jacques\GlassFish_Server\bin;
USERNAME=acer
OS=Windows_NT
PROCESSOR_IDENTIFIER=Intel64 Family 6 Model 78 Stepping 3, GenuineIntel



---------------  S Y S T E M  ---------------

OS:
 Windows 10 , 64 bit Build 19041 (10.0.19041.1889)
OS uptime: 0 days 7:24 hours
Hyper-V role detected

CPU: total 4 (initial active 4) (2 cores per cpu, 2 threads per core) family 6 model 78 stepping 3 microcode 0xea, cx8, cmov, fxsr, ht, mmx, 3dnowpref, sse, sse2, sse3, ssse3, sse4.1, sse4.2, popcnt, lzcnt, tsc, tscinvbit, avx, avx2, aes, erms, clmul, bmi1, bmi2, rtm, adx, fma, vzeroupper, clflush, clflushopt, hv

Memory: 4k page, system-wide physical 8083M (336M free)
TotalPageFile size 20327M (AvailPageFile size 53M)
current process WorkingSet (physical memory assigned to process): 62M, peak: 240M
current process commit charge ("private bytes"): 240M, peak: 270M

vm_info: OpenJDK 64-Bit Server VM (17.0.1+12) for windows-amd64 JRE (17.0.1+12), built on Oct 20 2021 07:42:55 by "" with MS VC++ 16.7 (VS2019)

END.
